2024-03-25T14:59:10.007+05:30  INFO 12112 --- [Product-App] [restartedMain] com.example.demo.Sp1Application          : Starting Sp1Application using Java 17.0.9 with PID 12112 (D:\demo\sp-1\target\classes started by SHAIBAZ KHAN in D:\demo\sp-1)
2024-03-25T14:59:10.008+05:30  INFO 12112 --- [Product-App] [restartedMain] com.example.demo.Sp1Application          : No active profile set, falling back to 1 default profile: "default"
2024-03-25T14:59:10.167+05:30  INFO 12112 --- [Product-App] [restartedMain] .s.d.r.c.RepositoryConfigurationDelegate : Bootstrapping Spring Data JPA repositories in DEFAULT mode.
2024-03-25T14:59:10.172+05:30  INFO 12112 --- [Product-App] [restartedMain] .s.d.r.c.RepositoryConfigurationDelegate : Finished Spring Data repository scanning in 4 ms. Found 1 JPA repository interface.
2024-03-25T14:59:10.223+05:30  INFO 12112 --- [Product-App] [restartedMain] o.s.b.w.embedded.tomcat.TomcatWebServer  : Tomcat initialized with port 8080 (http)
2024-03-25T14:59:10.224+05:30  INFO 12112 --- [Product-App] [restartedMain] o.apache.catalina.core.StandardService   : Starting service [Tomcat]
2024-03-25T14:59:10.224+05:30  INFO 12112 --- [Product-App] [restartedMain] o.apache.catalina.core.StandardEngine    : Starting Servlet engine: [Apache Tomcat/10.1.19]
2024-03-25T14:59:10.237+05:30  INFO 12112 --- [Product-App] [restartedMain] o.a.c.c.C.[Tomcat].[localhost].[/]       : Initializing Spring embedded WebApplicationContext
2024-03-25T14:59:10.237+05:30  INFO 12112 --- [Product-App] [restartedMain] w.s.c.ServletWebServerApplicationContext : Root WebApplicationContext: initialization completed in 226 ms
2024-03-25T14:59:10.260+05:30  INFO 12112 --- [Product-App] [restartedMain] o.hibernate.jpa.internal.util.LogHelper  : HHH000204: Processing PersistenceUnitInfo [name: default]
2024-03-25T14:59:10.262+05:30  INFO 12112 --- [Product-App] [restartedMain] o.h.c.internal.RegionFactoryInitiator    : HHH000026: Second-level cache disabled
2024-03-25T14:59:10.265+05:30  INFO 12112 --- [Product-App] [restartedMain] o.s.o.j.p.SpringPersistenceUnitInfo      : No LoadTimeWeaver setup: ignoring JPA class transformer
2024-03-25T14:59:10.265+05:30  INFO 12112 --- [Product-App] [restartedMain] com.zaxxer.hikari.HikariDataSource       : HikariPool-10 - Starting...
2024-03-25T14:59:10.273+05:30  INFO 12112 --- [Product-App] [restartedMain] com.zaxxer.hikari.pool.HikariPool        : HikariPool-10 - Added connection com.mysql.cj.jdbc.ConnectionImpl@4c30657
2024-03-25T14:59:10.273+05:30  INFO 12112 --- [Product-App] [restartedMain] com.zaxxer.hikari.HikariDataSource       : HikariPool-10 - Start completed.
2024-03-25T14:59:10.273+05:30  WARN 12112 --- [Product-App] [restartedMain] org.hibernate.orm.deprecation            : HHH90000025: MySQL8Dialect does not need to be specified explicitly using 'hibernate.dialect' (remove the property setting and it will be selected by default)
2024-03-25T14:59:10.273+05:30  WARN 12112 --- [Product-App] [restartedMain] org.hibernate.orm.deprecation            : HHH90000026: MySQL8Dialect has been deprecated; use org.hibernate.dialect.MySQLDialect instead
2024-03-25T14:59:10.288+05:30  INFO 12112 --- [Product-App] [restartedMain] o.h.e.t.j.p.i.JtaPlatformInitiator       : HHH000489: No JTA platform available (set 'hibernate.transaction.jta.platform' to enable JTA platform integration)
2024-03-25T14:59:10.296+05:30  INFO 12112 --- [Product-App] [restartedMain] j.LocalContainerEntityManagerFactoryBean : Initialized JPA EntityManagerFactory for persistence unit 'default'
2024-03-25T14:59:10.363+05:30  WARN 12112 --- [Product-App] [restartedMain] JpaBaseConfiguration$JpaWebConfiguration : spring.jpa.open-in-view is enabled by default. Therefore, database queries may be performed during view rendering. Explicitly configure spring.jpa.open-in-view to disable this warning
2024-03-25T14:59:10.412+05:30  INFO 12112 --- [Product-App] [restartedMain] o.s.b.d.a.OptionalLiveReloadServer       : LiveReload server is running on port 35729
2024-03-25T14:59:10.447+05:30  INFO 12112 --- [Product-App] [restartedMain] o.s.b.w.embedded.tomcat.TomcatWebServer  : Tomcat started on port 8080 (http) with context path ''
2024-03-25T14:59:10.480+05:30  INFO 12112 --- [Product-App] [restartedMain] com.example.demo.Sp1Application          : Started Sp1Application in 0.496 seconds (process running for 388.759)
2024-03-25T14:59:10.481+05:30  INFO 12112 --- [Product-App] [restartedMain] .ConditionEvaluationDeltaLoggingListener : Condition evaluation unchanged
2024-03-25T14:59:29.310+05:30  INFO 12112 --- [Product-App] [File Watcher] rtingClassPathChangeChangedEventListener : Restarting due to 1 class path change (0 additions, 0 deletions, 1 modification)
2024-03-25T14:59:29.331+05:30  INFO 12112 --- [Product-App] [Thread-39] j.LocalContainerEntityManagerFactoryBean : Closing JPA EntityManagerFactory for persistence unit 'default'
2024-03-25T14:59:29.331+05:30  INFO 12112 --- [Product-App] [Thread-39] com.zaxxer.hikari.HikariDataSource       : HikariPool-10 - Shutdown initiated...
2024-03-25T14:59:29.333+05:30  INFO 12112 --- [Product-App] [Thread-39] com.zaxxer.hikari.HikariDataSource       : HikariPool-10 - Shutdown completed.
